Riga 117: la classe WebSpider.GFXFrameX del controllo GFXFrameX1 non era una classe di controllo caricata.
Riga 143: la classe WebSpider.GFXFrameX del controllo GFXFrameX2 non era una classe di controllo caricata.
Riga 165: la classe WebSpider.GFXFrameX del controllo GFXFrameX2 non era una classe di controllo caricata.
Riga 187: la classe WebSpider.GFXFrameX del controllo GFXFrameX2 non era una classe di controllo caricata.
Riga 209: la classe WebSpider.GFXFrameX del controllo GFXFrameX2 non era una classe di controllo caricata.
Riga 125: il nome della proprietà _ExtentX in GFXFrameX1 non è valido.
Riga 126: il nome della proprietà _ExtentY in GFXFrameX1 non è valido.
Riga 127: il nome della proprietà FillColour in GFXFrameX1 non è valido.
Riga 128: il nome della proprietà BackColour in GFXFrameX1 non è valido.
Riga 129: il nome della proprietà BackColourIs in GFXFrameX1 non è valido.
Riga 130: il nome della proprietà BorderColour in GFXFrameX1 non è valido.
Riga 131: il nome della proprietà CornerDepth in GFXFrameX1 non è valido.
Riga 141: il nome della proprietà FontColour in GFXFrameX1 non è valido.
Riga 142: il nome della proprietà TabWidthOff in GFXFrameX1 non è valido.
Riga 150: il nome della proprietà _ExtentX in GFXFrameX2 non è valido.
Riga 151: il nome della proprietà _ExtentY in GFXFrameX2 non è valido.
Riga 152: il nome della proprietà FillColour in GFXFrameX2 non è valido.
Riga 153: il nome della proprietà BackColour in GFXFrameX2 non è valido.
Riga 163: il nome della proprietà TabWidthOff in GFXFrameX2 non è valido.
Riga 172: il nome della proprietà _ExtentX in GFXFrameX2 non è valido.
Riga 173: il nome della proprietà _ExtentY in GFXFrameX2 non è valido.
Riga 174: il nome della proprietà FillColour in GFXFrameX2 non è valido.
Riga 175: il nome della proprietà BackColour in GFXFrameX2 non è valido.
Riga 185: il nome della proprietà TabWidthOff in GFXFrameX2 non è valido.
Riga 194: il nome della proprietà _ExtentX in GFXFrameX2 non è valido.
Riga 195: il nome della proprietà _ExtentY in GFXFrameX2 non è valido.
Riga 196: il nome della proprietà FillColour in GFXFrameX2 non è valido.
Riga 197: il nome della proprietà BackColour in GFXFrameX2 non è valido.
Riga 207: il nome della proprietà TabWidthOff in GFXFrameX2 non è valido.
Riga 216: il nome della proprietà _ExtentX in GFXFrameX2 non è valido.
Riga 217: il nome della proprietà _ExtentY in GFXFrameX2 non è valido.
Riga 218: il nome della proprietà FillColour in GFXFrameX2 non è valido.
Riga 219: il nome della proprietà BackColour in GFXFrameX2 non è valido.
Riga 229: il nome della proprietà TabWidthOff in GFXFrameX2 non è valido.
Riga 125: il nome della proprietà _ExtentX in GFXFrameX1 non è valido.
Riga 126: il nome della proprietà _ExtentY in GFXFrameX1 non è valido.
Riga 127: il nome della proprietà FillColour in GFXFrameX1 non è valido.
Riga 128: il nome della proprietà BackColour in GFXFrameX1 non è valido.
Riga 129: il nome della proprietà BackColourIs in GFXFrameX1 non è valido.
Riga 130: il nome della proprietà BorderColour in GFXFrameX1 non è valido.
Riga 131: il nome della proprietà CornerDepth in GFXFrameX1 non è valido.
Riga 141: il nome della proprietà FontColour in GFXFrameX1 non è valido.
Riga 142: il nome della proprietà TabWidthOff in GFXFrameX1 non è valido.
Riga 150: il nome della proprietà _ExtentX in GFXFrameX2 non è valido.
Riga 151: il nome della proprietà _ExtentY in GFXFrameX2 non è valido.
Riga 152: il nome della proprietà FillColour in GFXFrameX2 non è valido.
Riga 153: il nome della proprietà BackColour in GFXFrameX2 non è valido.
Riga 163: il nome della proprietà TabWidthOff in GFXFrameX2 non è valido.
Riga 172: il nome della proprietà _ExtentX in GFXFrameX2 non è valido.
Riga 173: il nome della proprietà _ExtentY in GFXFrameX2 non è valido.
Riga 174: il nome della proprietà FillColour in GFXFrameX2 non è valido.
Riga 175: il nome della proprietà BackColour in GFXFrameX2 non è valido.
Riga 185: il nome della proprietà TabWidthOff in GFXFrameX2 non è valido.
Riga 194: il nome della proprietà _ExtentX in GFXFrameX2 non è valido.
Riga 195: il nome della proprietà _ExtentY in GFXFrameX2 non è valido.
Riga 196: il nome della proprietà FillColour in GFXFrameX2 non è valido.
Riga 197: il nome della proprietà BackColour in GFXFrameX2 non è valido.
Riga 207: il nome della proprietà TabWidthOff in GFXFrameX2 non è valido.
Riga 216: il nome della proprietà _ExtentX in GFXFrameX2 non è valido.
Riga 217: il nome della proprietà _ExtentY in GFXFrameX2 non è valido.
Riga 218: il nome della proprietà FillColour in GFXFrameX2 non è valido.
Riga 219: il nome della proprietà BackColour in GFXFrameX2 non è valido.
Riga 229: il nome della proprietà TabWidthOff in GFXFrameX2 non è valido.
Riga 125: il nome della proprietà _ExtentX in GFXFrameX1 non è valido.
Riga 126: il nome della proprietà _ExtentY in GFXFrameX1 non è valido.
Riga 127: il nome della proprietà FillColour in GFXFrameX1 non è valido.
Riga 128: il nome della proprietà BackColour in GFXFrameX1 non è valido.
Riga 129: il nome della proprietà BackColourIs in GFXFrameX1 non è valido.
Riga 130: il nome della proprietà BorderColour in GFXFrameX1 non è valido.
Riga 131: il nome della proprietà CornerDepth in GFXFrameX1 non è valido.
Riga 141: il nome della proprietà FontColour in GFXFrameX1 non è valido.
Riga 142: il nome della proprietà TabWidthOff in GFXFrameX1 non è valido.
Riga 150: il nome della proprietà _ExtentX in GFXFrameX2 non è valido.
Riga 151: il nome della proprietà _ExtentY in GFXFrameX2 non è valido.
Riga 152: il nome della proprietà FillColour in GFXFrameX2 non è valido.
Riga 153: il nome della proprietà BackColour in GFXFrameX2 non è valido.
Riga 163: il nome della proprietà TabWidthOff in GFXFrameX2 non è valido.
Riga 172: il nome della proprietà _ExtentX in GFXFrameX2 non è valido.
Riga 173: il nome della proprietà _ExtentY in GFXFrameX2 non è valido.
Riga 174: il nome della proprietà FillColour in GFXFrameX2 non è valido.
Riga 175: il nome della proprietà BackColour in GFXFrameX2 non è valido.
Riga 185: il nome della proprietà TabWidthOff in GFXFrameX2 non è valido.
Riga 194: il nome della proprietà _ExtentX in GFXFrameX2 non è valido.
Riga 195: il nome della proprietà _ExtentY in GFXFrameX2 non è valido.
Riga 196: il nome della proprietà FillColour in GFXFrameX2 non è valido.
Riga 197: il nome della proprietà BackColour in GFXFrameX2 non è valido.
Riga 207: il nome della proprietà TabWidthOff in GFXFrameX2 non è valido.
Riga 216: il nome della proprietà _ExtentX in GFXFrameX2 non è valido.
Riga 217: il nome della proprietà _ExtentY in GFXFrameX2 non è valido.
Riga 218: il nome della proprietà FillColour in GFXFrameX2 non è valido.
Riga 219: il nome della proprietà BackColour in GFXFrameX2 non è valido.
Riga 229: il nome della proprietà TabWidthOff in GFXFrameX2 non è valido.
