Riga 19: la classe WebSpider.GFXFrameX del controllo GFXFrameX3 non era una classe di controllo caricata.
Riga 39: la classe WebSpider.GFXFrameX del controllo GFXFrameX2 non era una classe di controllo caricata.
Riga 59: la classe WebSpider.GFXFrameX del controllo GFXFrameX1 non era una classe di controllo caricata.
Riga 25: il nome della proprietà _ExtentX in GFXFrameX3 non è valido.
Riga 26: il nome della proprietà _ExtentY in GFXFrameX3 non è valido.
Riga 27: il nome della proprietà FillColour in GFXFrameX3 non è valido.
Riga 37: il nome della proprietà TabWidthOff in GFXFrameX3 non è valido.
Riga 45: il nome della proprietà _ExtentX in GFXFrameX2 non è valido.
Riga 46: il nome della proprietà _ExtentY in GFXFrameX2 non è valido.
Riga 47: il nome della proprietà FillColour in GFXFrameX2 non è valido.
Riga 57: il nome della proprietà TabWidthOff in GFXFrameX2 non è valido.
Riga 65: il nome della proprietà _ExtentX in GFXFrameX1 non è valido.
Riga 66: il nome della proprietà _ExtentY in GFXFrameX1 non è valido.
Riga 67: il nome della proprietà FillColour in GFXFrameX1 non è valido.
Riga 68: il nome della proprietà BackColour in GFXFrameX1 non è valido.
Riga 78: il nome della proprietà TabWidthOff in GFXFrameX1 non è valido.
Riga 25: il nome della proprietà _ExtentX in GFXFrameX3 non è valido.
Riga 26: il nome della proprietà _ExtentY in GFXFrameX3 non è valido.
Riga 27: il nome della proprietà FillColour in GFXFrameX3 non è valido.
Riga 37: il nome della proprietà TabWidthOff in GFXFrameX3 non è valido.
Riga 45: il nome della proprietà _ExtentX in GFXFrameX2 non è valido.
Riga 46: il nome della proprietà _ExtentY in GFXFrameX2 non è valido.
Riga 47: il nome della proprietà FillColour in GFXFrameX2 non è valido.
Riga 57: il nome della proprietà TabWidthOff in GFXFrameX2 non è valido.
Riga 65: il nome della proprietà _ExtentX in GFXFrameX1 non è valido.
Riga 66: il nome della proprietà _ExtentY in GFXFrameX1 non è valido.
Riga 67: il nome della proprietà FillColour in GFXFrameX1 non è valido.
Riga 68: il nome della proprietà BackColour in GFXFrameX1 non è valido.
Riga 78: il nome della proprietà TabWidthOff in GFXFrameX1 non è valido.
Riga 25: il nome della proprietà _ExtentX in GFXFrameX3 non è valido.
Riga 26: il nome della proprietà _ExtentY in GFXFrameX3 non è valido.
Riga 27: il nome della proprietà FillColour in GFXFrameX3 non è valido.
Riga 37: il nome della proprietà TabWidthOff in GFXFrameX3 non è valido.
Riga 45: il nome della proprietà _ExtentX in GFXFrameX2 non è valido.
Riga 46: il nome della proprietà _ExtentY in GFXFrameX2 non è valido.
Riga 47: il nome della proprietà FillColour in GFXFrameX2 non è valido.
Riga 57: il nome della proprietà TabWidthOff in GFXFrameX2 non è valido.
Riga 65: il nome della proprietà _ExtentX in GFXFrameX1 non è valido.
Riga 66: il nome della proprietà _ExtentY in GFXFrameX1 non è valido.
Riga 67: il nome della proprietà FillColour in GFXFrameX1 non è valido.
Riga 68: il nome della proprietà BackColour in GFXFrameX1 non è valido.
Riga 78: il nome della proprietà TabWidthOff in GFXFrameX1 non è valido.
