http://www.architrend.it
http://www.architrend.it//www.googletagmanager.com
http://www.architrend.it//fonts.googleapis.com
http://www.architrend.it//s.w.org
http://www.architrend.it/tel:+39%200932%20652661
http://www.architrend.it/tel:+390932256873
http://www.architrend.it/tel:0932652661
http://www.architrend.it/tel:0932256873
http://www.architrend.it//www.googletagmanager.com//www.googletagmanager.com
http://www.architrend.it//www.googletagmanager.com//fonts.googleapis.com
http://www.architrend.it//www.googletagmanager.com//s.w.org
http://www.architrend.it//fonts.googleapis.com//www.googletagmanager.com
http://www.architrend.it//fonts.googleapis.com//fonts.googleapis.com
http://www.architrend.it//fonts.googleapis.com//s.w.org
http://www.architrend.it//s.w.org//www.googletagmanager.com
http://www.architrend.it//s.w.org//fonts.googleapis.com
http://www.architrend.it//s.w.org//s.w.org
http://www.architrend.it//www.googletagmanager.com//www.googletagmanager.com//www.googletagmanager.com
http://www.architrend.it//www.googletagmanager.com//www.googletagmanager.com//fonts.googleapis.com
http://www.architrend.it//www.googletagmanager.com//www.googletagmanager.com//s.w.org
http://www.architrend.it//www.googletagmanager.com//fonts.googleapis.com//www.googletagmanager.com
http://www.architrend.it//www.googletagmanager.com//fonts.googleapis.com//fonts.googleapis.com
http://www.architrend.it//www.googletagmanager.com//fonts.googleapis.com//s.w.org
http://www.architrend.it//www.googletagmanager.com//s.w.org//www.googletagmanager.com
http://www.architrend.it//www.googletagmanager.com//s.w.org//fonts.googleapis.com
http://www.architrend.it//www.googletagmanager.com//s.w.org//s.w.org
http://www.architrend.it//fonts.googleapis.com//www.googletagmanager.com//www.googletagmanager.com
http://www.architrend.it//fonts.googleapis.com//www.googletagmanager.com//fonts.googleapis.com
http://www.architrend.it//fonts.googleapis.com//www.googletagmanager.com//s.w.org
http://www.architrend.it//fonts.googleapis.com//fonts.googleapis.com//www.googletagmanager.com
http://www.architrend.it//fonts.googleapis.com//fonts.googleapis.com//fonts.googleapis.com
http://www.architrend.it//fonts.googleapis.com//fonts.googleapis.com//s.w.org
http://www.architrend.it//fonts.googleapis.com//s.w.org//www.googletagmanager.com
http://www.architrend.it//fonts.googleapis.com//s.w.org//fonts.googleapis.com
http://www.architrend.it//fonts.googleapis.com//s.w.org//s.w.org
http://www.architrend.it//s.w.org//www.googletagmanager.com//www.googletagmanager.com
http://www.architrend.it//s.w.org//www.googletagmanager.com//fonts.googleapis.com
http://www.architrend.it//s.w.org//www.googletagmanager.com//s.w.org
http://www.architrend.it//s.w.org//fonts.googleapis.com//www.googletagmanager.com
http://www.architrend.it//s.w.org//fonts.googleapis.com//fonts.googleapis.com
http://www.architrend.it//s.w.org//fonts.googleapis.com//s.w.org
http://www.architrend.it//s.w.org//s.w.org//www.googletagmanager.com
http://www.architrend.it//s.w.org//s.w.org//fonts.googleapis.com
http://www.architrend.it//s.w.org//s.w.org//s.w.org
http://www.architrend.it//www.googletagmanager.com//www.googletagmanager.com//www.googletagmanager.com//www.googletagmanager.com
http://www.architrend.it//www.googletagmanager.com//www.googletagmanager.com//www.googletagmanager.com//fonts.googleapis.com
http://www.architrend.it//www.googletagmanager.com//www.googletagmanager.com//www.googletagmanager.com//s.w.org
http://www.architrend.it//www.googletagmanager.com//www.googletagmanager.com//fonts.googleapis.com//www.googletagmanager.com
http://www.architrend.it//www.googletagmanager.com//www.googletagmanager.com//fonts.googleapis.com//fonts.googleapis.com
http://www.architrend.it//www.googletagmanager.com//www.googletagmanager.com//fonts.googleapis.com//s.w.org
http://www.architrend.it//www.googletagmanager.com//www.googletagmanager.com//s.w.org//www.googletagmanager.com
http://www.architrend.it//www.googletagmanager.com//www.googletagmanager.com//s.w.org//fonts.googleapis.com
http://www.architrend.it//www.googletagmanager.com//www.googletagmanager.com//s.w.org//s.w.org
http://www.architrend.it//www.googletagmanager.com//fonts.googleapis.com//www.googletagmanager.com//www.googletagmanager.com
http://www.architrend.it//www.googletagmanager.com//fonts.googleapis.com//www.googletagmanager.com//fonts.googleapis.com
http://www.architrend.it//www.googletagmanager.com//fonts.googleapis.com//www.googletagmanager.com//s.w.org
http://www.architrend.it//www.googletagmanager.com//fonts.googleapis.com//fonts.googleapis.com//www.googletagmanager.com
http://www.architrend.it//www.googletagmanager.com//fonts.googleapis.com//fonts.googleapis.com//fonts.googleapis.com
http://www.architrend.it//www.googletagmanager.com//fonts.googleapis.com//fonts.googleapis.com//s.w.org
http://www.architrend.it//www.googletagmanager.com//fonts.googleapis.com//s.w.org//www.googletagmanager.com
http://www.architrend.it//www.googletagmanager.com//fonts.googleapis.com//s.w.org//fonts.googleapis.com
http://www.architrend.it//www.googletagmanager.com//fonts.googleapis.com//s.w.org//s.w.org
http://www.architrend.it//www.googletagmanager.com//s.w.org//www.googletagmanager.com//www.googletagmanager.com
http://www.architrend.it//www.googletagmanager.com//s.w.org//www.googletagmanager.com//fonts.googleapis.com
http://www.architrend.it//www.googletagmanager.com//s.w.org//www.googletagmanager.com//s.w.org
http://www.architrend.it//www.googletagmanager.com//s.w.org//fonts.googleapis.com//www.googletagmanager.com
http://www.architrend.it//www.googletagmanager.com//s.w.org//fonts.googleapis.com//fonts.googleapis.com
http://www.architrend.it//www.googletagmanager.com//s.w.org//fonts.googleapis.com//s.w.org
http://www.architrend.it//www.googletagmanager.com//s.w.org//s.w.org//www.googletagmanager.com
http://www.architrend.it//www.googletagmanager.com//s.w.org//s.w.org//fonts.googleapis.com
http://www.architrend.it//www.googletagmanager.com//s.w.org//s.w.org//s.w.org
http://www.architrend.it//fonts.googleapis.com//www.googletagmanager.com//www.googletagmanager.com//www.googletagmanager.com
http://www.architrend.it//fonts.googleapis.com//www.googletagmanager.com//www.googletagmanager.com//fonts.googleapis.com
http://www.architrend.it//fonts.googleapis.com//www.googletagmanager.com//www.googletagmanager.com//s.w.org
http://www.architrend.it//fonts.googleapis.com//www.googletagmanager.com//fonts.googleapis.com//www.googletagmanager.com
http://www.architrend.it//fonts.googleapis.com//www.googletagmanager.com//fonts.googleapis.com//fonts.googleapis.com
http://www.architrend.it//fonts.googleapis.com//www.googletagmanager.com//fonts.googleapis.com//s.w.org
http://www.architrend.it//fonts.googleapis.com//www.googletagmanager.com//s.w.org//www.googletagmanager.com
http://www.architrend.it//fonts.googleapis.com//www.googletagmanager.com//s.w.org//fonts.googleapis.com
http://www.architrend.it//fonts.googleapis.com//www.googletagmanager.com//s.w.org//s.w.org
http://www.architrend.it//fonts.googleapis.com//fonts.googleapis.com//www.googletagmanager.com//www.googletagmanager.com
http://www.architrend.it//fonts.googleapis.com//fonts.googleapis.com//www.googletagmanager.com//fonts.googleapis.com
http://www.architrend.it//fonts.googleapis.com//fonts.googleapis.com//www.googletagmanager.com//s.w.org
http://www.architrend.it//fonts.googleapis.com//fonts.googleapis.com//fonts.googleapis.com//www.googletagmanager.com
http://www.architrend.it//fonts.googleapis.com//fonts.googleapis.com//fonts.googleapis.com//fonts.googleapis.com
http://www.architrend.it//fonts.googleapis.com//fonts.googleapis.com//fonts.googleapis.com//s.w.org
http://www.architrend.it//fonts.googleapis.com//fonts.googleapis.com//s.w.org//www.googletagmanager.com
http://www.architrend.it//fonts.googleapis.com//fonts.googleapis.com//s.w.org//fonts.googleapis.com
http://www.architrend.it//fonts.googleapis.com//fonts.googleapis.com//s.w.org//s.w.org
http://www.architrend.it//fonts.googleapis.com//s.w.org//www.googletagmanager.com//www.googletagmanager.com
http://www.architrend.it//fonts.googleapis.com//s.w.org//www.googletagmanager.com//fonts.googleapis.com
http://www.architrend.it//fonts.googleapis.com//s.w.org//www.googletagmanager.com//s.w.org
http://www.architrend.it//fonts.googleapis.com//s.w.org//fonts.googleapis.com//www.googletagmanager.com
http://www.architrend.it//fonts.googleapis.com//s.w.org//fonts.googleapis.com//fonts.googleapis.com
http://www.architrend.it//fonts.googleapis.com//s.w.org//fonts.googleapis.com//s.w.org
http://www.architrend.it//fonts.googleapis.com//s.w.org//s.w.org//www.googletagmanager.com
http://www.architrend.it//fonts.googleapis.com//s.w.org//s.w.org//fonts.googleapis.com
http://www.architrend.it//fonts.googleapis.com//s.w.org//s.w.org//s.w.org
http://www.architrend.it//s.w.org//www.googletagmanager.com//www.googletagmanager.com//www.googletagmanager.com
http://www.architrend.it//s.w.org//www.googletagmanager.com//www.googletagmanager.com//fonts.googleapis.com
http://www.architrend.it//s.w.org//www.googletagmanager.com//www.googletagmanager.com//s.w.org
http://www.architrend.it//s.w.org//www.googletagmanager.com//fonts.googleapis.com//www.googletagmanager.com
http://www.architrend.it//s.w.org//www.googletagmanager.com//fonts.googleapis.com//fonts.googleapis.com
http://www.architrend.it//s.w.org//www.googletagmanager.com//fonts.googleapis.com//s.w.org
http://www.architrend.it//s.w.org//www.googletagmanager.com//s.w.org//www.googletagmanager.com
http://www.architrend.it//s.w.org//www.googletagmanager.com//s.w.org//fonts.googleapis.com
http://www.architrend.it//s.w.org//www.googletagmanager.com//s.w.org//s.w.org
http://www.architrend.it//s.w.org//fonts.googleapis.com//www.googletagmanager.com//www.googletagmanager.com
http://www.architrend.it//s.w.org//fonts.googleapis.com//www.googletagmanager.com//fonts.googleapis.com
http://www.architrend.it//s.w.org//fonts.googleapis.com//www.googletagmanager.com//s.w.org
